Build started 2/13/2016 6:06:49 PM.
     1>Project "C:\Users\Elena\OneDrive\WinterQuarter\CompSci32\Project3\FrackMan\FrackMan\FrackMan.vcxproj" on node 2 (Build target(s)).
     1>ClCompile:
         C:\Program Files (x86)\Microsoft Visual Studio 14.0\VC\bin\CL.exe /c /ZI /nologo /W3 /WX- /sdl /Od /Oy- /D _MBCS /Gm /EHsc /RTC1 /MDd /GS /fp:precise /Zc:wchar_t /Zc:forScope /Zc:inline /Fo"Debug\\" /Fd"Debug\vc140.pdb" /Gd /TP /analyze- /errorReport:prompt ..\..\FrackManSkeleton\GameController.cpp ..\..\FrackManSkeleton\GameWorld.cpp ..\..\FrackManSkeleton\main.cpp actor.cpp StudentWorld.cpp
         StudentWorld.cpp
         actor.cpp
         main.cpp
         GameWorld.cpp
         GameController.cpp
         Generating Code...
       Link:
         C:\Program Files (x86)\Microsoft Visual Studio 14.0\VC\bin\link.exe /ERRORREPORT:PROMPT /OUT:"C:\Users\Elena\OneDrive\WinterQuarter\CompSci32\Project3\FrackMan\Debug\FrackMan.exe" /INCREMENTAL /NOLOGO kernel32.lib user32.lib gdi32.lib winspool.lib comdlg32.lib advapi32.lib shell32.lib ole32.lib oleaut32.lib uuid.lib odbc32.lib odbccp32.lib /MANIFEST /MANIFESTUAC:"level='asInvoker' uiAccess='false'" /manifest:embed /Debug /PDB:"C:\Users\Elena\OneDrive\WinterQuarter\CompSci32\Project3\FrackMan\Debug\FrackMan.pdb" /SUBSYSTEM:CONSOLE /TLBID:1 /DYNAMICBASE /NXCOMPAT /IMPLIB:"C:\Users\Elena\OneDrive\WinterQuarter\CompSci32\Project3\FrackMan\Debug\FrackMan.lib" /MACHINE:X86 Debug\GameController.obj
         Debug\GameWorld.obj
         Debug\main.obj
         Debug\actor.obj
         Debug\StudentWorld.obj
     1>LINK : fatal error LNK1104: cannot open file 'freeglut.lib'
     1>Done Building Project "C:\Users\Elena\OneDrive\WinterQuarter\CompSci32\Project3\FrackMan\FrackMan\FrackMan.vcxproj" (Build target(s)) -- FAILED.

Build FAILED.

Time Elapsed 00:00:05.32
